<?xml version="1.0" encoding="UTF-8"?>
<!-- Generated by org.testng.reporters.JUnitReportReporter -->
<testsuite skipped="0" hostname="nltc291" name="com.mtx.testcases.MtxAdminLoginTests" tests="1" failures="0" timestamp="18 Nov 2021 06:55:34 GMT" time="0.657" errors="0">
  <testcase name="test001_login" time="0.657" classname="com.mtx.testcases.MtxAdminLoginTests"/>
</testsuite> <!-- com.mtx.testcases.MtxAdminLoginTests -->
