<?xml version="1.0" encoding="UTF-8"?>
<!-- Generated by org.testng.reporters.JUnitReportReporter -->
<testsuite skipped="0" hostname="nltc291" name="com.crm.fenceng.testcases.DeleteCustomerTests" tests="2" failures="0" timestamp="25 Nov 2021 07:08:49 GMT" time="0.450" errors="0">
  <testcase name="test001_deleteCustomer" time="0.230" classname="com.crm.fenceng.testcases.DeleteCustomerTests"/>
  <testcase name="test002_deleteCustomer" time="0.220" classname="com.crm.fenceng.testcases.DeleteCustomerTests"/>
</testsuite> <!-- com.crm.fenceng.testcases.DeleteCustomerTests -->
