<?xml version="1.0" encoding="UTF-8"?>
<!-- Generated by org.testng.reporters.JUnitReportReporter -->
<testsuite skipped="0" hostname="nltc291" name="com.mtx.testcases.MtxShipGoods" tests="2" failures="0" timestamp="19 Nov 2021 03:11:22 GMT" time="0.146" errors="0">
  <testcase name="test003_shipGoods" time="0.041" classname="com.mtx.testcases.MtxShipGoods"/>
  <testcase name="test002_shipGoods" time="0.105" classname="com.mtx.testcases.MtxShipGoods"/>
</testsuite> <!-- com.mtx.testcases.MtxShipGoods -->
