<?xml version="1.0" encoding="UTF-8"?>
<!-- Generated by org.testng.reporters.JUnitReportReporter -->
<testsuite skipped="0" hostname="nltc291" name="com.api.mtx.MtxUploadTest" tests="1" failures="0" timestamp="22 Oct 2021 02:26:39 GMT" time="0.520" errors="0">
  <testcase name="test001_upload" time="0.520" classname="com.api.mtx.MtxUploadTest"/>
</testsuite> <!-- com.api.mtx.MtxUploadTest -->
