<?xml version="1.0" encoding="UTF-8"?>
<!-- Generated by org.testng.reporters.JUnitReportReporter -->
<testsuite skipped="0" hostname="nltc291" name="com.crm.fenceng.testcases.AddCustomerTests" tests="1" failures="0" timestamp="22 Dec 2021 08:46:04 GMT" time="1.799" errors="0">
  <testcase name="test001_AddCustomer" time="1.799" classname="com.crm.fenceng.testcases.AddCustomerTests"/>
</testsuite> <!-- com.crm.fenceng.testcases.AddCustomerTests -->
