<?xml version="1.0" encoding="UTF-8"?>
<!-- Generated by org.testng.reporters.JUnitReportReporter -->
<testsuite skipped="0" hostname="nltc291" name="com.api.mtx.CrmTest" tests="2" failures="0" timestamp="21 Oct 2021 07:24:30 GMT" time="1.672" errors="0">
  <testcase name="test001_login" time="1.116" classname="com.api.mtx.CrmTest"/>
  <testcase name="test002_addContact" time="0.556" classname="com.api.mtx.CrmTest"/>
</testsuite> <!-- com.api.mtx.CrmTest -->
