<?xml version="1.0" encoding="UTF-8"?>
<!-- Generated by org.testng.reporters.JUnitReportReporter -->
<testsuite skipped="0" hostname="nltc291" name="com.mtx.testcases.MtxPlaceOrderTests" tests="1" failures="0" timestamp="24 Nov 2021 02:48:41 GMT" time="0.228" errors="0">
  <testcase name="test004_placeOrder" time="0.228" classname="com.mtx.testcases.MtxPlaceOrderTests"/>
</testsuite> <!-- com.mtx.testcases.MtxPlaceOrderTests -->
