<?xml version="1.0" encoding="UTF-8"?>
<!-- Generated by org.testng.reporters.JUnitReportReporter -->
<testsuite skipped="0" hostname="nltc291" name="com.api.mtx.MtxAddCartTest" tests="1" failures="0" timestamp="15 Oct 2021 08:26:48 GMT" time="0.167" errors="0">
  <testcase name="test001_addToCart" time="0.167" classname="com.api.mtx.MtxAddCartTest"/>
</testsuite> <!-- com.api.mtx.MtxAddCartTest -->
