<?xml version="1.0" encoding="UTF-8"?>
<!-- Generated by org.testng.reporters.JUnitReportReporter -->
<testsuite skipped="0" hostname="nltc291" name="com.mtx.testcases.MtxRegister" tests="1" failures="0" timestamp="12 Nov 2021 07:41:20 GMT" time="2.535" errors="0">
  <testcase name="test001_register" time="2.535" classname="com.mtx.testcases.MtxRegister"/>
</testsuite> <!-- com.mtx.testcases.MtxRegister -->
