<?xml version="1.0" encoding="UTF-8"?>
<!-- Generated by org.testng.reporters.JUnitReportReporter -->
<testsuite skipped="0" hostname="nltc291" name="com.crm.fenceng.testcases.AddContactTests" tests="3" failures="0" timestamp="24 Nov 2021 07:25:46 GMT" time="1.554" errors="0">
  <testcase name="test001_addcontact" time="0.532" classname="com.crm.fenceng.testcases.AddContactTests"/>
  <testcase name="test002_addcontact" time="0.527" classname="com.crm.fenceng.testcases.AddContactTests"/>
  <testcase name="test003_addcontact" time="0.495" classname="com.crm.fenceng.testcases.AddContactTests"/>
</testsuite> <!-- com.crm.fenceng.testcases.AddContactTests -->
