<?xml version="1.0" encoding="UTF-8"?>
<!-- Generated by org.testng.reporters.JUnitReportReporter -->
<testsuite skipped="0" hostname="nltc291" name="com.api.http.httpGet" tests="1" failures="0" timestamp="13 Oct 2021 02:44:27 GMT" time="2.002" errors="0">
  <testcase name="httpRequest" time="2.002" classname="com.api.http.httpGet"/>
</testsuite> <!-- com.api.http.httpGet -->
