<?xml version="1.0" encoding="UTF-8"?>
<!-- Generated by org.testng.reporters.JUnitReportReporter -->
<testsuite skipped="0" hostname="nltc291" name="com.api.http.httpPost" tests="3" failures="0" timestamp="14 Oct 2021 08:05:20 GMT" time="1.632" errors="0">
  <testcase name="test002_loginPost" time="0.620" classname="com.api.http.httpPost"/>
  <testcase name="httpPostRequest" time="0.937" classname="com.api.http.httpPost"/>
  <testcase name="test001_loginPost" time="0.075" classname="com.api.http.httpPost"/>
</testsuite> <!-- com.api.http.httpPost -->
